[ 50%] [32mBuilding CXX object CMakeFiles/arduino_ros2_control.dir/hardware/bot_syst.cpp.o[0m
[01m[K/home/pi/ros2_main/src/arduino_ros2_control/hardware/bot_syst.cpp:[m[K In member function â€˜[01m[Kvirtual hardware_interface::CallbackReturn arduino_ros2_control::ArduinoHardware::[01;32m[Kon_init[m[K(const hardware_interface::HardwareInfo&)[m[Kâ€™:
[01m[K/home/pi/ros2_main/src/arduino_ros2_control/hardware/bot_syst.cpp:39:8:[m[K [01;31m[Kerror: [m[Kâ€˜[01m[Kstruct arduino_ros2_control::ArduinoHardware::Config[m[Kâ€™ has no member named â€˜[01m[Kleft_wheel_name[m[Kâ€™; did you mean â€˜[01m[Kleft_track_name[m[Kâ€™?
   39 |   cfg_.[01;31m[Kleft_wheel_name[m[K = info_.hardware_parameters["left_wheel_name"];
      |        [01;31m[K^~~~~~~~~~~~~~~[m[K
      |        [32m[Kleft_track_name[m[K
[01m[K/home/pi/ros2_main/src/arduino_ros2_control/hardware/bot_syst.cpp:40:8:[m[K [01;31m[Kerror: [m[Kâ€˜[01m[Kstruct arduino_ros2_control::ArduinoHardware::Config[m[Kâ€™ has no member named â€˜[01m[Kright_wheel_name[m[Kâ€™; did you mean â€˜[01m[Kright_track_name[m[Kâ€™?
   40 |   cfg_.[01;31m[Kright_wheel_name[m[K = info_.hardware_parameters["right_wheel_name"];
      |        [01;31m[K^~~~~~~~~~~~~~~~[m[K
      |        [32m[Kright_track_name[m[K
[01m[K/home/pi/ros2_main/src/arduino_ros2_control/hardware/bot_syst.cpp:59:3:[m[K [01;31m[Kerror: [m[Kâ€˜[01m[Kwheel_l_[m[Kâ€™ was not declared in this scope
   59 |   [01;31m[Kwheel_l_[m[K.setup(cfg_.left_wheel_name, cfg_.enc_counts_per_rev);
      |   [01;31m[K^~~~~~~~[m[K
[01m[K/home/pi/ros2_main/src/arduino_ros2_control/hardware/bot_syst.cpp:59:23:[m[K [01;31m[Kerror: [m[Kâ€˜[01m[Kstruct arduino_ros2_control::ArduinoHardware::Config[m[Kâ€™ has no member named â€˜[01m[Kleft_wheel_name[m[Kâ€™; did you mean â€˜[01m[Kleft_track_name[m[Kâ€™?
   59 |   wheel_l_.setup(cfg_.[01;31m[Kleft_wheel_name[m[K, cfg_.enc_counts_per_rev);
      |                       [01;31m[K^~~~~~~~~~~~~~~[m[K
      |                       [32m[Kleft_track_name[m[K
[01m[K/home/pi/ros2_main/src/arduino_ros2_control/hardware/bot_syst.cpp:60:3:[m[K [01;31m[Kerror: [m[Kâ€˜[01m[Kwheel_r_[m[Kâ€™ was not declared in this scope
   60 |   [01;31m[Kwheel_r_[m[K.setup(cfg_.right_wheel_name, cfg_.enc_counts_per_rev);
      |   [01;31m[K^~~~~~~~[m[K
[01m[K/home/pi/ros2_main/src/arduino_ros2_control/hardware/bot_syst.cpp:60:23:[m[K [01;31m[Kerror: [m[Kâ€˜[01m[Kstruct arduino_ros2_control::ArduinoHardware::Config[m[Kâ€™ has no member named â€˜[01m[Kright_wheel_name[m[Kâ€™; did you mean â€˜[01m[Kright_track_name[m[Kâ€™?
   60 |   wheel_r_.setup(cfg_.[01;31m[Kright_wheel_name[m[K, cfg_.enc_counts_per_rev);
      |                       [01;31m[K^~~~~~~~~~~~~~~~[m[K
      |                       [32m[Kright_track_name[m[K
[01m[K/home/pi/ros2_main/src/arduino_ros2_control/hardware/bot_syst.cpp:[m[K In member function â€˜[01m[Kvirtual std::vector<hardware_interface::StateInterface> arduino_ros2_control::ArduinoHardware::[01;32m[Kexport_state_interfaces[m[K()[m[Kâ€™:
[01m[K/home/pi/ros2_main/src/arduino_ros2_control/hardware/bot_syst.cpp:120:5:[m[K [01;31m[Kerror: [m[Kâ€˜[01m[Kwheel_l_[m[Kâ€™ was not declared in this scope
  120 |     [01;31m[Kwheel_l_[m[K.name, hardware_interface::HW_IF_POSITION, &wheel_l_.pos));
      |     [01;31m[K^~~~~~~~[m[K
[01m[K/home/pi/ros2_main/src/arduino_ros2_control/hardware/bot_syst.cpp:125:5:[m[K [01;31m[Kerror: [m[Kâ€˜[01m[Kwheel_r_[m[Kâ€™ was not declared in this scope
  125 |     [01;31m[Kwheel_r_[m[K.name, hardware_interface::HW_IF_POSITION, &wheel_r_.pos));
      |     [01;31m[K^~~~~~~~[m[K
[01m[K/home/pi/ros2_main/src/arduino_ros2_control/hardware/bot_syst.cpp:[m[K In member function â€˜[01m[Kvirtual std::vector<hardware_interface::CommandInterface> arduino_ros2_control::ArduinoHardware::[01;32m[Kexport_command_interfaces[m[K()[m[Kâ€™:
[01m[K/home/pi/ros2_main/src/arduino_ros2_control/hardware/bot_syst.cpp:137:5:[m[K [01;31m[Kerror: [m[Kâ€˜[01m[Kwheel_l_[m[Kâ€™ was not declared in this scope
  137 |     [01;31m[Kwheel_l_[m[K.name, hardware_interface::HW_IF_VELOCITY, &wheel_l_.cmd));
      |     [01;31m[K^~~~~~~~[m[K
[01m[K/home/pi/ros2_main/src/arduino_ros2_control/hardware/bot_syst.cpp:140:5:[m[K [01;31m[Kerror: [m[Kâ€˜[01m[Kwheel_r_[m[Kâ€™ was not declared in this scope
  140 |     [01;31m[Kwheel_r_[m[K.name, hardware_interface::HW_IF_VELOCITY, &wheel_r_.cmd));
      |     [01;31m[K^~~~~~~~[m[K
[01m[K/home/pi/ros2_main/src/arduino_ros2_control/hardware/bot_syst.cpp:[m[K In member function â€˜[01m[Kvirtual hardware_interface::return_type arduino_ros2_control::ArduinoHardware::[01;32m[Kread[m[K(const rclcpp::Time&, const rclcpp::Duration&)[m[Kâ€™:
[01m[K/home/pi/ros2_main/src/arduino_ros2_control/hardware/bot_syst.cpp:207:30:[m[K [01;31m[Kerror: [m[Kâ€˜[01m[Kwheel_l_[m[Kâ€™ was not declared in this scope
  207 |   comms_.read_encoder_values([01;31m[Kwheel_l_[m[K.enc, wheel_r_.enc);
      |                              [01;31m[K^~~~~~~~[m[K
[01m[K/home/pi/ros2_main/src/arduino_ros2_control/hardware/bot_syst.cpp:207:44:[m[K [01;31m[Kerror: [m[Kâ€˜[01m[Kwheel_r_[m[Kâ€™ was not declared in this scope
  207 |   comms_.read_encoder_values(wheel_l_.enc, [01;31m[Kwheel_r_[m[K.enc);
      |                                            [01;31m[K^~~~~~~~[m[K
[01m[K/home/pi/ros2_main/src/arduino_ros2_control/hardware/bot_syst.cpp:[m[K In member function â€˜[01m[Kvirtual hardware_interface::return_type arduino_ros2_control::ArduinoHardware::[01;32m[Kwrite[m[K(const rclcpp::Time&, const rclcpp::Duration&)[m[Kâ€™:
[01m[K/home/pi/ros2_main/src/arduino_ros2_control/hardware/bot_syst.cpp:230:33:[m[K [01;31m[Kerror: [m[Kâ€˜[01m[Kwheel_l_[m[Kâ€™ was not declared in this scope
  230 |   int motor_l_counts_per_loop = [01;31m[Kwheel_l_[m[K.cmd / wheel_l_.rads_per_count / cfg_.loop_rate;
      |                                 [01;31m[K^~~~~~~~[m[K
[01m[K/home/pi/ros2_main/src/arduino_ros2_control/hardware/bot_syst.cpp:231:33:[m[K [01;31m[Kerror: [m[Kâ€˜[01m[Kwheel_r_[m[Kâ€™ was not declared in this scope
  231 |   int motor_r_counts_per_loop = [01;31m[Kwheel_r_[m[K.cmd / wheel_r_.rads_per_count / cfg_.loop_rate;
      |                                 [01;31m[K^~~~~~~~[m[K
gmake[2]: *** [CMakeFiles/arduino_ros2_control.dir/build.make:76: CMakeFiles/arduino_ros2_control.dir/hardware/bot_syst.cpp.o] Error 1
gmake[1]: *** [CMakeFiles/Makefile2:137: CMakeFiles/arduino_ros2_control.dir/all] Error 2
gmake: *** [Makefile:146: all] Error 2
