[0.090s] Invoking command in '/home/pi/ros2_main/build/arduino_ros2_control': CMAKE_PREFIX_PATH=${CMAKE_PREFIX_PATH}:/home/pi/ros2_main/install/your_twist_converter:/home/pi/ros2_main/install/yolo_detector:/home/pi/ros2_main/install/py_pubsub:/home/pi/ros2_main/install/nav2_simple_commander:/opt/ros/jazzy DEBUGINFOD_URLS=https://debuginfod.ubuntu.com /usr/bin/cmake --build /home/pi/ros2_main/build/arduino_ros2_control -- -j4 -l4
[1.141s] [ 50%] [32mBuilding CXX object CMakeFiles/arduino_ros2_control.dir/hardware/bot_syst.cpp.o[0m
[14.226s] [01m[K/home/pi/ros2_main/src/arduino_ros2_control/hardware/bot_syst.cpp:[m[K In member function â€˜[01m[Kvirtual hardware_interface::CallbackReturn arduino_ros2_control::ArduinoHardware::[01;32m[Kon_init[m[K(const hardware_interface::HardwareInfo&)[m[Kâ€™:
[14.226s] [01m[K/home/pi/ros2_main/src/arduino_ros2_control/hardware/bot_syst.cpp:39:8:[m[K [01;31m[Kerror: [m[Kâ€˜[01m[Kstruct arduino_ros2_control::ArduinoHardware::Config[m[Kâ€™ has no member named â€˜[01m[Kleft_wheel_name[m[Kâ€™; did you mean â€˜[01m[Kleft_track_name[m[Kâ€™?
[14.226s]    39 |   cfg_.[01;31m[Kleft_wheel_name[m[K = info_.hardware_parameters["left_wheel_name"];
[14.227s]       |        [01;31m[K^~~~~~~~~~~~~~~[m[K
[14.227s]       |        [32m[Kleft_track_name[m[K
[14.227s] [01m[K/home/pi/ros2_main/src/arduino_ros2_control/hardware/bot_syst.cpp:40:8:[m[K [01;31m[Kerror: [m[Kâ€˜[01m[Kstruct arduino_ros2_control::ArduinoHardware::Config[m[Kâ€™ has no member named â€˜[01m[Kright_wheel_name[m[Kâ€™; did you mean â€˜[01m[Kright_track_name[m[Kâ€™?
[14.227s]    40 |   cfg_.[01;31m[Kright_wheel_name[m[K = info_.hardware_parameters["right_wheel_name"];
[14.227s]       |        [01;31m[K^~~~~~~~~~~~~~~~[m[K
[14.227s]       |        [32m[Kright_track_name[m[K
[14.241s] [01m[K/home/pi/ros2_main/src/arduino_ros2_control/hardware/bot_syst.cpp:59:3:[m[K [01;31m[Kerror: [m[Kâ€˜[01m[Kwheel_l_[m[Kâ€™ was not declared in this scope
[14.241s]    59 |   [01;31m[Kwheel_l_[m[K.setup(cfg_.left_wheel_name, cfg_.enc_counts_per_rev);
[14.241s]       |   [01;31m[K^~~~~~~~[m[K
[14.242s] [01m[K/home/pi/ros2_main/src/arduino_ros2_control/hardware/bot_syst.cpp:59:23:[m[K [01;31m[Kerror: [m[Kâ€˜[01m[Kstruct arduino_ros2_control::ArduinoHardware::Config[m[Kâ€™ has no member named â€˜[01m[Kleft_wheel_name[m[Kâ€™; did you mean â€˜[01m[Kleft_track_name[m[Kâ€™?
[14.242s]    59 |   wheel_l_.setup(cfg_.[01;31m[Kleft_wheel_name[m[K, cfg_.enc_counts_per_rev);
[14.242s]       |                       [01;31m[K^~~~~~~~~~~~~~~[m[K
[14.242s]       |                       [32m[Kleft_track_name[m[K
[14.253s] [01m[K/home/pi/ros2_main/src/arduino_ros2_control/hardware/bot_syst.cpp:60:3:[m[K [01;31m[Kerror: [m[Kâ€˜[01m[Kwheel_r_[m[Kâ€™ was not declared in this scope
[14.254s]    60 |   [01;31m[Kwheel_r_[m[K.setup(cfg_.right_wheel_name, cfg_.enc_counts_per_rev);
[14.254s]       |   [01;31m[K^~~~~~~~[m[K
[14.254s] [01m[K/home/pi/ros2_main/src/arduino_ros2_control/hardware/bot_syst.cpp:60:23:[m[K [01;31m[Kerror: [m[Kâ€˜[01m[Kstruct arduino_ros2_control::ArduinoHardware::Config[m[Kâ€™ has no member named â€˜[01m[Kright_wheel_name[m[Kâ€™; did you mean â€˜[01m[Kright_track_name[m[Kâ€™?
[14.254s]    60 |   wheel_r_.setup(cfg_.[01;31m[Kright_wheel_name[m[K, cfg_.enc_counts_per_rev);
[14.254s]       |                       [01;31m[K^~~~~~~~~~~~~~~~[m[K
[14.254s]       |                       [32m[Kright_track_name[m[K
[14.272s] [01m[K/home/pi/ros2_main/src/arduino_ros2_control/hardware/bot_syst.cpp:[m[K In member function â€˜[01m[Kvirtual std::vector<hardware_interface::StateInterface> arduino_ros2_control::ArduinoHardware::[01;32m[Kexport_state_interfaces[m[K()[m[Kâ€™:
[14.272s] [01m[K/home/pi/ros2_main/src/arduino_ros2_control/hardware/bot_syst.cpp:120:5:[m[K [01;31m[Kerror: [m[Kâ€˜[01m[Kwheel_l_[m[Kâ€™ was not declared in this scope
[14.272s]   120 |     [01;31m[Kwheel_l_[m[K.name, hardware_interface::HW_IF_POSITION, &wheel_l_.pos));
[14.272s]       |     [01;31m[K^~~~~~~~[m[K
[14.286s] [01m[K/home/pi/ros2_main/src/arduino_ros2_control/hardware/bot_syst.cpp:125:5:[m[K [01;31m[Kerror: [m[Kâ€˜[01m[Kwheel_r_[m[Kâ€™ was not declared in this scope
[14.287s]   125 |     [01;31m[Kwheel_r_[m[K.name, hardware_interface::HW_IF_POSITION, &wheel_r_.pos));
[14.287s]       |     [01;31m[K^~~~~~~~[m[K
[14.317s] [01m[K/home/pi/ros2_main/src/arduino_ros2_control/hardware/bot_syst.cpp:[m[K In member function â€˜[01m[Kvirtual std::vector<hardware_interface::CommandInterface> arduino_ros2_control::ArduinoHardware::[01;32m[Kexport_command_interfaces[m[K()[m[Kâ€™:
[14.317s] [01m[K/home/pi/ros2_main/src/arduino_ros2_control/hardware/bot_syst.cpp:137:5:[m[K [01;31m[Kerror: [m[Kâ€˜[01m[Kwheel_l_[m[Kâ€™ was not declared in this scope
[14.317s]   137 |     [01;31m[Kwheel_l_[m[K.name, hardware_interface::HW_IF_VELOCITY, &wheel_l_.cmd));
[14.317s]       |     [01;31m[K^~~~~~~~[m[K
[14.328s] [01m[K/home/pi/ros2_main/src/arduino_ros2_control/hardware/bot_syst.cpp:140:5:[m[K [01;31m[Kerror: [m[Kâ€˜[01m[Kwheel_r_[m[Kâ€™ was not declared in this scope
[14.328s]   140 |     [01;31m[Kwheel_r_[m[K.name, hardware_interface::HW_IF_VELOCITY, &wheel_r_.cmd));
[14.328s]       |     [01;31m[K^~~~~~~~[m[K
[14.347s] [01m[K/home/pi/ros2_main/src/arduino_ros2_control/hardware/bot_syst.cpp:[m[K In member function â€˜[01m[Kvirtual hardware_interface::return_type arduino_ros2_control::ArduinoHardware::[01;32m[Kread[m[K(const rclcpp::Time&, const rclcpp::Duration&)[m[Kâ€™:
[14.347s] [01m[K/home/pi/ros2_main/src/arduino_ros2_control/hardware/bot_syst.cpp:207:30:[m[K [01;31m[Kerror: [m[Kâ€˜[01m[Kwheel_l_[m[Kâ€™ was not declared in this scope
[14.347s]   207 |   comms_.read_encoder_values([01;31m[Kwheel_l_[m[K.enc, wheel_r_.enc);
[14.347s]       |                              [01;31m[K^~~~~~~~[m[K
[14.359s] [01m[K/home/pi/ros2_main/src/arduino_ros2_control/hardware/bot_syst.cpp:207:44:[m[K [01;31m[Kerror: [m[Kâ€˜[01m[Kwheel_r_[m[Kâ€™ was not declared in this scope
[14.359s]   207 |   comms_.read_encoder_values(wheel_l_.enc, [01;31m[Kwheel_r_[m[K.enc);
[14.359s]       |                                            [01;31m[K^~~~~~~~[m[K
[14.371s] [01m[K/home/pi/ros2_main/src/arduino_ros2_control/hardware/bot_syst.cpp:[m[K In member function â€˜[01m[Kvirtual hardware_interface::return_type arduino_ros2_control::ArduinoHardware::[01;32m[Kwrite[m[K(const rclcpp::Time&, const rclcpp::Duration&)[m[Kâ€™:
[14.372s] [01m[K/home/pi/ros2_main/src/arduino_ros2_control/hardware/bot_syst.cpp:230:33:[m[K [01;31m[Kerror: [m[Kâ€˜[01m[Kwheel_l_[m[Kâ€™ was not declared in this scope
[14.372s]   230 |   int motor_l_counts_per_loop = [01;31m[Kwheel_l_[m[K.cmd / wheel_l_.rads_per_count / cfg_.loop_rate;
[14.372s]       |                                 [01;31m[K^~~~~~~~[m[K
[14.386s] [01m[K/home/pi/ros2_main/src/arduino_ros2_control/hardware/bot_syst.cpp:231:33:[m[K [01;31m[Kerror: [m[Kâ€˜[01m[Kwheel_r_[m[Kâ€™ was not declared in this scope
[14.386s]   231 |   int motor_r_counts_per_loop = [01;31m[Kwheel_r_[m[K.cmd / wheel_r_.rads_per_count / cfg_.loop_rate;
[14.386s]       |                                 [01;31m[K^~~~~~~~[m[K
[17.498s] gmake[2]: *** [CMakeFiles/arduino_ros2_control.dir/build.make:76: CMakeFiles/arduino_ros2_control.dir/hardware/bot_syst.cpp.o] Error 1
[17.499s] gmake[1]: *** [CMakeFiles/Makefile2:137: CMakeFiles/arduino_ros2_control.dir/all] Error 2
[17.500s] gmake: *** [Makefile:146: all] Error 2
[17.504s] Invoked command in '/home/pi/ros2_main/build/arduino_ros2_control' returned '2': CMAKE_PREFIX_PATH=${CMAKE_PREFIX_PATH}:/home/pi/ros2_main/install/your_twist_converter:/home/pi/ros2_main/install/yolo_detector:/home/pi/ros2_main/install/py_pubsub:/home/pi/ros2_main/install/nav2_simple_commander:/opt/ros/jazzy DEBUGINFOD_URLS=https://debuginfod.ubuntu.com /usr/bin/cmake --build /home/pi/ros2_main/build/arduino_ros2_control -- -j4 -l4
